This is XeTeX, Version 3.14159265-2.6-0.99996 (TeX Live 2016/Debian) (preloaded format=xelatex 2016.10.15)  12 JUN 2017 17:49
entering extended mode
 restricted \write18 enabled.
 %&-line parsing enabled.
**main1-blx.aux main1-blx.bbl main1-blx.blg main1-blx.log main.adx main.and mai
n.aux main.bbl main.blg main-blx.bib main.idx main.ilg main.ldx main.lnd main.l
og main.out main.pdf main.rdx main.run.xml main.sdx main.snd main.tex main.tex~
 main.thm main.toc main.wdx main.xdv
(./main1-blx.aux
LaTeX2e <2016/03/31> patch level 3
Babel <3.9r> and hyphenation patterns for 83 language(s) loaded.
)

! LaTeX Error: Missing \begin{document}.

See the LaTeX manual or LaTeX Companion for explanation.
Type  H <return>  for immediate help.
 ...                                              
                                                  
<*> main1-blx.aux m
                   ain1-blx.bbl main1-blx.blg main1-blx.log main.adx main.an...

? x
 
Here is how much of TeX's memory you used:
 5 strings out of 493589
 183 string characters out of 6145555
 53789 words of memory out of 5000000
 3515 multiletter control sequences out of 15000+600000
 3640 words of font info for 14 fonts, out of 8000000 for 9000
 1347 hyphenation exceptions out of 8191
 5i,0n,4p,333b,14s stack positions out of 5000i,500n,10000p,200000b,80000s
No pages of output.
